<?xml version='1.0' encoding='UTF-8'?>
<testsuite hostname="iMac.local" name="BobTest" tests="25" errors="0" failures="0" skipped="0" time="0.028" timestamp="2021-11-06T22:47:55">
          <properties>
      <property name="awt.toolkit" value="sun.lwawt.macosx.LWCToolkit"/><property name="java.specification.version" value="11"/><property name="sun.cpu.isalist" value=""/><property name="sun.jnu.encoding" value="UTF-8"/><property name="sun.arch.data.model" value="64"/><property name="sbt.supershell" value="false"/><property name="java.vendor.url" value="https://openjdk.java.net/"/><property name="sun.boot.library.path" value="/Library/Java/JavaVirtualMachines/jdk-11.0.12.jdk/Contents/Home/lib"/><property name="sun.java.command" value="/Users/kellycho/Library/Application Support/JetBrains/IdeaIC2021.2/plugins/Scala/launcher/sbt-launch.jar early(addPluginSbtFile=&quot;&quot;&quot;/private/var/folders/cl/52g0qwpx1rxcjsjl2rtchv400000gn/T/idea.sbt&quot;&quot;&quot;) ; set ideaPort in Global := 52361 ; idea-shell"/><property name="jdk.debug" value="release"/><property name="java.specification.vendor" value="Oracle Corporation"/><property name="java.version.date" value="2021-07-20"/><property name="java.home" value="/Library/Java/JavaVirtualMachines/jdk-11.0.12.jdk/Contents/Home"/><property name="file.separator" value="/"/><property name="java.vm.compressedOopsMode" value="Zero based"/><property name="line.separator" value="
"/><property name="java.specification.name" value="Java Platform API Specification"/><property name="java.vm.specification.vendor" value="Oracle Corporation"/><property name="idea.installation.dir" value="/Applications/IntelliJ IDEA CE.app/Contents"/><property name="sun.management.compiler" value="HotSpot 64-Bit Tiered Compilers"/><property name="java.runtime.version" value="11.0.12+8-LTS-237"/><property name="user.name" value="kellycho"/><property name="log4j.ignoreTCL" value="true"/><property name="file.encoding" value="UTF-8"/><property name="jnidispatch.path" value="/Users/kellycho/Library/Caches/JNA/temp/jna9231009297558165519.tmp"/><property name="java.vendor.version" value="18.9"/><property name="jna.loaded" value="true"/><property name="java.io.tmpdir" value="/var/folders/cl/52g0qwpx1rxcjsjl2rtchv400000gn/T/"/><property name="java.version" value="11.0.12"/><property name="java.vm.specification.name" value="Java Virtual Machine Specification"/><property name="java.awt.printerjob" value="sun.lwawt.macosx.CPrinterJob"/><property name="sun.os.patch.level" value="unknown"/><property name="java.library.path" value="/Users/kellycho/Library/Java/Extensions:/Library/Java/Extensions:/Network/Library/Java/Extensions:/System/Library/Java/Extensions:/usr/lib/java:."/><property name="java.vendor" value="Oracle Corporation"/><property name="sun.io.unicode.encoding" value="UnicodeBig"/><property name="socksNonProxyHosts" value="local|*.local|169.254/16|*.169.254/16"/><property name="gopherProxySet" value="false"/><property name="java.class.path" value="/Users/kellycho/Library/Application Support/JetBrains/IdeaIC2021.2/plugins/Scala/launcher/sbt-launch.jar"/><property name="java.vm.vendor" value="Oracle Corporation"/><property name="jline.shutdownhook" value="false"/><property name="user.timezone" value="America/New_York"/><property name="os.name" value="Mac OS X"/><property name="java.vm.specification.version" value="11"/><property name="sun.java.launcher" value="SUN_STANDARD"/><property name="user.country" value="US"/><property name="http.nonProxyHosts" value="local|*.local|169.254/16|*.169.254/16"/><property name="sun.cpu.endian" value="little"/><property name="user.home" value="/Users/kellycho"/><property name="user.language" value="en"/><property name="swoval.tmpdir" value="/Users/kellycho/.sbt/1.0"/><property name="java.awt.graphicsenv" value="sun.awt.CGraphicsEnvironment"/><property name="jline.esc.timeout" value="0"/><property name="ftp.nonProxyHosts" value="local|*.local|169.254/16|*.169.254/16"/><property name="path.separator" value=":"/><property name="os.version" value="10.14.6"/><property name="jna.nosys" value="true"/><property name="java.runtime.name" value="Java(TM) SE Runtime Environment"/><property name="java.vm.name" value="Java HotSpot(TM) 64-Bit Server VM"/><property name="jna.platform.library.path" value="/usr/lib:/usr/lib"/><property name="java.vendor.url.bug" value="https://bugreport.java.com/bugreport/"/><property name="user.dir" value="/Users/kellycho/Exercism/scala/bob"/><property name="os.arch" value="x86_64"/><property name="idea.managed" value="true"/><property name="java.vm.info" value="mixed mode"/><property name="java.vm.version" value="11.0.12+8-LTS-237"/><property name="java.class.version" value="55.0"/>
    </properties>
          <testcase classname="BobTest" name="stating something" time="0.024">
                      
                    </testcase><testcase classname="BobTest" name="shouting" time="0.001">
                      
                    </testcase><testcase classname="BobTest" name="shouting gibberish" time="0.0">
                      
                    </testcase><testcase classname="BobTest" name="asking a question" time="0.001">
                      
                    </testcase><testcase classname="BobTest" name="asking a numeric question" time="0.0">
                      
                    </testcase><testcase classname="BobTest" name="asking gibberish" time="0.0">
                      
                    </testcase><testcase classname="BobTest" name="talking forcefully" time="0.0">
                      
                    </testcase><testcase classname="BobTest" name="using acronyms in regular speech" time="0.0">
                      
                    </testcase><testcase classname="BobTest" name="forceful question" time="0.0">
                      
                    </testcase><testcase classname="BobTest" name="shouting numbers" time="0.0">
                      
                    </testcase><testcase classname="BobTest" name="no letters" time="0.0">
                      
                    </testcase><testcase classname="BobTest" name="question with no letters" time="0.001">
                      
                    </testcase><testcase classname="BobTest" name="shouting with special characters" time="0.0">
                      
                    </testcase><testcase classname="BobTest" name="shouting with no exclamation mark" time="0.0">
                      
                    </testcase><testcase classname="BobTest" name="statement containing question mark" time="0.0">
                      
                    </testcase><testcase classname="BobTest" name="non-letters with question" time="0.001">
                      
                    </testcase><testcase classname="BobTest" name="prattling on" time="0.0">
                      
                    </testcase><testcase classname="BobTest" name="silence" time="0.0">
                      
                    </testcase><testcase classname="BobTest" name="prolonged silence" time="0.0">
                      
                    </testcase><testcase classname="BobTest" name="alternate silence" time="0.0">
                      
                    </testcase><testcase classname="BobTest" name="multiple line question" time="0.0">
                      
                    </testcase><testcase classname="BobTest" name="starting with whitespace" time="0.0">
                      
                    </testcase><testcase classname="BobTest" name="ending with whitespace" time="0.0">
                      
                    </testcase><testcase classname="BobTest" name="other whitespace" time="0.0">
                      
                    </testcase><testcase classname="BobTest" name="non-question ending with whitespace" time="0.0">
                      
                    </testcase>
          <system-out><![CDATA[]]></system-out>
          <system-err><![CDATA[]]></system-err>
        </testsuite>